This is XeTeX, Version 3.141592653-2.6-0.999997 (TeX Live 2025) (preloaded format=xelatex 2026.1.29)  18 MAR 2026 23:11
entering extended mode
 restricted \write18 enabled.
 %&-line parsing enabled.
**rsos-debias-r1.tex
(./rsos-debias-r1.tex
LaTeX2e <2025-11-01>
L3 programming layer <2026-01-19>
(./rsos.cls

LaTeX Warning: You have requested document class `rsos',
               but the document class provides `rsproca'.

Document Class: rsproca 2005/12/01 v1.1 Standard LaTeX document class
(/Users/franciscorowe/Library/TinyTeX/texmf-dist/tex/latex/vruler/vruler.sty 2.3 <24/10/96>
    VRULER version 2.3 Octorber 1996 By Z Jiang
    University of New England, Australia
    Email: zhuhan@neumann.une.edu.au
) (/Users/franciscorowe/Library/TinyTeX/texmf-dist/tex/latex/crop/crop.sty
Package: crop 2017/11/19 1.10 crop marks (mf)
(/Users/franciscorowe/Library/TinyTeX/texmf-dist/tex/generic/iftex/ifluatex.sty
Package: ifluatex 2019/10/25 v1.5 ifluatex legacy package. Use iftex instead.
(/Users/franciscorowe/Library/TinyTeX/texmf-dist/tex/generic/iftex/iftex.sty
Package: iftex 2024/12/12 v1.0g TeX engine tests
))
\CROP@index=\count281
(/Users/franciscorowe/Library/TinyTeX/texmf-dist/tex/latex/graphics/color.sty
Package: color 2025/01/14 v1.3e Standard LaTeX Color (DPC)
(/Users/franciscorowe/Library/TinyTeX/texmf-dist/tex/latex/graphics-cfg/color.cfg
File: color.cfg 2016/01/02 v1.6 sample color configuration
)
Package color Info: Driver file: xetex.def on input line 149.
(/Users/franciscorowe/Library/TinyTeX/texmf-dist/tex/latex/graphics-def/xetex.def
File: xetex.def 2025/11/01 v5.0p Graphics/color driver for xetex
) (/Users/franciscorowe/Library/TinyTeX/texmf-dist/tex/latex/graphics/mathcolor.ltx)) (/Users/franciscorowe/Library/TinyTeX/texmf-dist/tex/latex/graphics/graphics.sty
Package: graphics 2024/08/06 v1.4g Standard LaTeX Graphics (DPC,SPQR)
(/Users/franciscorowe/Library/TinyTeX/texmf-dist/tex/latex/graphics/trig.sty
Package: trig 2023/12/02 v1.11 sin cos tan (DPC)
) (/Users/franciscorowe/Library/TinyTeX/texmf-dist/tex/latex/graphics-cfg/graphics.cfg
File: graphics.cfg 2016/06/04 v1.11 sample graphics configuration
)
Package graphics Info: Driver file: xetex.def on input line 106.
)
\CROP@offset=\count282
Package crop Info: Local config file crop.cfg used on input line 622.
(/Users/franciscorowe/Library/TinyTeX/texmf-dist/tex/xelatex/xetexconfig/crop.cfg))
==> First Aid for crop.sty applied!
(/Users/franciscorowe/Library/TinyTeX/texmf-dist/tex/latex/amsmath/amsmath.sty
Package: amsmath 2025/07/09 v2.17z AMS math features
\@mathmargin=\skip49
For additional information on amsmath, use the `?' option.
(/Users/franciscorowe/Library/TinyTeX/texmf-dist/tex/latex/amsmath/amstext.sty
Package: amstext 2024/11/17 v2.01 AMS text
(/Users/franciscorowe/Library/TinyTeX/texmf-dist/tex/latex/amsmath/amsgen.sty
File: amsgen.sty 1999/11/30 v2.0 generic functions
\@emptytoks=\toks34
\ex@=\dimen153
)) (/Users/franciscorowe/Library/TinyTeX/texmf-dist/tex/latex/amsmath/amsbsy.sty
Package: amsbsy 1999/11/29 v1.2d Bold Symbols
\pmbraise@=\dimen154
) (/Users/franciscorowe/Library/TinyTeX/texmf-dist/tex/latex/amsmath/amsopn.sty
Package: amsopn 2022/04/08 v2.04 operator names
)
\inf@bad=\count283
LaTeX Info: Redefining \frac on input line 233.
\uproot@=\count284
\leftroot@=\count285
LaTeX Info: Redefining \overline on input line 398.
LaTeX Info: Redefining \colon on input line 409.
\classnum@=\count286
\DOTSCASE@=\count287
LaTeX Info: Redefining \ldots on input line 495.
LaTeX Info: Redefining \dots on input line 498.
LaTeX Info: Redefining \cdots on input line 619.
\Mathstrutbox@=\box59
\strutbox@=\box60
LaTeX Info: Redefining \big on input line 721.
LaTeX Info: Redefining \Big on input line 722.
LaTeX Info: Redefining \bigg on input line 723.
LaTeX Info: Redefining \Bigg on input line 724.
\big@size=\dimen155
LaTeX Font Info:    Redeclaring font encoding OML on input line 742.
LaTeX Font Info:    Redeclaring font encoding OMS on input line 743.
\macc@depth=\count288
LaTeX Info: Redefining \bmod on input line 904.
LaTeX Info: Redefining \pmod on input line 909.
LaTeX Info: Redefining \smash on input line 939.
LaTeX Info: Redefining \relbar on input line 969.
LaTeX Info: Redefining \Relbar on input line 970.
\c@MaxMatrixCols=\count289
\dotsspace@=\muskip17
\c@parentequation=\count290
\dspbrk@lvl=\count291
\tag@help=\toks35
\row@=\count292
\column@=\count293
\maxfields@=\count294
\andhelp@=\toks36
\eqnshift@=\dimen156
\alignsep@=\dimen157
\tagshift@=\dimen158
\tagwidth@=\dimen159
\totwidth@=\dimen160
\lineht@=\dimen161
\@envbody=\toks37
\multlinegap=\skip50
\multlinetaggap=\skip51
\mathdisplay@stack=\toks38
LaTeX Info: Redefining \[ on input line 2950.
LaTeX Info: Redefining \] on input line 2951.
) (/Users/franciscorowe/Library/TinyTeX/texmf-dist/tex/latex/amsfonts/amssymb.sty
Package: amssymb 2013/01/14 v3.01 AMS font symbols
(/Users/franciscorowe/Library/TinyTeX/texmf-dist/tex/latex/amsfonts/amsfonts.sty
Package: amsfonts 2013/01/14 v3.01 Basic AMSFonts support
\symAMSa=\mathgroup4
\symAMSb=\mathgroup5
LaTeX Font Info:    Redeclaring math symbol \hbar on input line 98.
LaTeX Font Info:    Overwriting math alphabet `\mathfrak' in version `bold'
(Font)                  U/euf/m/n --> U/euf/b/n on input line 106.
)) (/Users/franciscorowe/Library/TinyTeX/texmf-dist/tex/latex/amscls/upref.sty
Package: upref 2007/03/14 v2.04
) (/Users/franciscorowe/Library/TinyTeX/texmf-dist/tex/latex/endnotes/endnotes.sty
Invalid UTF-8 byte or sequence at line 118 replaced by U+FFFD.
Invalid UTF-8 byte or sequence at line 118 replaced by U+FFFD.
Invalid UTF-8 byte or sequence at line 121 replaced by U+FFFD.
Invalid UTF-8 byte or sequence at line 121 replaced by U+FFFD.
Package: endnotes 2020-01-02 endnotes package
\c@endnote=\count295
\endnotesep=\dimen162
\@enotes=\write3
) (/Users/franciscorowe/Library/TinyTeX/texmf-dist/tex/latex/amscls/amsthm.sty
Package: amsthm 2020/05/29 v2.20.6
\thm@style=\toks39
\thm@bodyfont=\toks40
\thm@headfont=\toks41
\thm@notefont=\toks42
\thm@headpunct=\toks43
\thm@preskip=\skip52
\thm@postskip=\skip53
\thm@headsep=\skip54
\dth@everypar=\toks44
) (/Users/franciscorowe/Library/TinyTeX/texmf-dist/tex/latex/marginnote/marginnote.sty
Package: marginnote 2026/01/02 1.4d non floating margin notes for LaTeX 
\c@mn@abspage=\count296
) (/Users/franciscorowe/Library/TinyTeX/texmf-dist/tex/generic/soul/soul.sty
Package: soul 2023-06-14 v3.1 Permit use of UTF-8 characters in soul (HO)
(/Users/franciscorowe/Library/TinyTeX/texmf-dist/tex/generic/soul/soul-ori.sty
Package: soul-ori 2023-06-14 v3.1 letterspacing/underlining (mf)
\SOUL@word=\toks45
\SOUL@lasttoken=\toks46
\SOUL@syllable=\toks47
\SOUL@cmds=\toks48
\SOUL@buffer=\toks49
\SOUL@token=\toks50
\SOUL@syllgoal=\dimen163
\SOUL@syllwidth=\dimen164
\SOUL@charkern=\dimen165
\SOUL@hyphkern=\dimen166
\SOUL@dimen=\dimen167
\SOUL@dimeni=\dimen168
\SOUL@minus=\count297
\SOUL@comma=\count298
\SOUL@apo=\count299
\SOUL@grave=\count300
\SOUL@spaceskip=\skip55
\SOUL@ttwidth=\dimen169
\SOUL@uldp=\dimen170
\SOUL@ulht=\dimen171
) (/Users/franciscorowe/Library/TinyTeX/texmf-dist/tex/generic/infwarerr/infwarerr.sty
Package: infwarerr 2019/12/03 v1.5 Providing info/warning/error messages (HO)
) (/Users/franciscorowe/Library/TinyTeX/texmf-dist/tex/generic/etexcmds/etexcmds.sty
Package: etexcmds 2019/12/15 v1.7 Avoid name clashes with e-TeX commands (HO)
)) (/Users/franciscorowe/Library/TinyTeX/texmf-dist/tex/latex/graphics/graphicx.sty
Package: graphicx 2024/12/31 v1.2e Enhanced LaTeX Graphics (DPC,SPQR)
(/Users/franciscorowe/Library/TinyTeX/texmf-dist/tex/latex/graphics/keyval.sty
Package: keyval 2022/05/29 v1.15 key=value parser (DPC)
\KV@toks@=\toks51
)
\Gin@req@height=\dimen172
\Gin@req@width=\dimen173
) (/Users/franciscorowe/Library/TinyTeX/texmf-dist/tex/latex/graphics/rotating.sty
Package: rotating 2025/01/14 v2.16e rotated objects in LaTeX
(/Users/franciscorowe/Library/TinyTeX/texmf-dist/tex/latex/base/ifthen.sty
Package: ifthen 2024/03/16 v1.1e Standard LaTeX ifthen package (DPC)
)
\c@r@tfl@t=\count301
\rotFPtop=\skip56
\rotFPbot=\skip57
\rot@float@box=\box61
\rot@mess@toks=\toks52
) (/Users/franciscorowe/Library/TinyTeX/texmf-dist/tex/latex/tools/dcolumn.sty
Package: dcolumn 2025/10/21 v1.06 decimal alignment package (DPC)
(/Users/franciscorowe/Library/TinyTeX/texmf-dist/tex/latex/tools/array.sty
Package: array 2025/09/25 v2.6n Tabular extension package (FMi)
\col@sep=\dimen174
\ar@mcellbox=\box62
\extrarowheight=\dimen175
\NC@list=\toks53
\extratabsurround=\skip58
\backup@length=\skip59
\ar@cellbox=\box63
)) (/Users/franciscorowe/Library/TinyTeX/texmf-dist/tex/latex/base/fontenc.sty
Package: fontenc 2025/07/18 v2.1d Standard LaTeX package
LaTeX Font Info:    Trying to load font information for T1+lmr on input line 116.
(/Users/franciscorowe/Library/TinyTeX/texmf-dist/tex/latex/lm/t1lmr.fd
File: t1lmr.fd 2015/05/01 v1.6.1 Font defs for Latin Modern
)) (/Users/franciscorowe/Library/TinyTeX/texmf-dist/tex/latex/psnfss/palatino.sty
Package: palatino 2020/03/25 PSNFSS-v9.3 (SPQR) 
) (/Users/franciscorowe/Library/TinyTeX/texmf-dist/tex/latex/psnfss/helvet.sty
Package: helvet 2020/03/25 PSNFSS-v9.3 (WaS) 
)
\catchlinewd=\dimen176
\dcht=\dimen177
\frametextht=\dimen178
\myrunhwidth=\skip60
LaTeX Font Info:    Trying to load font information for T1+phv on input line 479.
(/Users/franciscorowe/Library/TinyTeX/texmf-dist/tex/latex/psnfss/t1phv.fd
File: t1phv.fd 2020/03/25 scalable font definitions for T1/phv.
)
LaTeX Font Info:    Font shape `T1/phv/m/n' will be
(Font)              scaled to size 9.35007pt on input line 479.
\c@part=\count302
\c@section=\count303
\c@subsection=\count304
\c@subsubsection=\count305
\c@paragraph=\count306
\c@subparagraph=\count307
\c@figure=\count308
\c@scheme=\count309
\c@table=\count310
\abovecaptionskip=\skip61
\belowcaptionskip=\skip62
\leftnoteskip=\dimen179
(/Users/franciscorowe/Library/TinyTeX/texmf-dist/tex/latex/colortbl/colortbl.sty
Package: colortbl 2024/10/29 v1.0k Color table columns (DPC)
\everycr=\toks54
\minrowclearance=\skip63
\rownum=\count311
)
\bibindent=\dimen180
\absbox=\box64
\fmtextbox=\box65
\c@mythm=\count312
\rotdimen=\dimen181
\symEulerExtension=\mathgroup6
LaTeX Font Info:    Redeclaring math symbol \intop on input line 1447.
LaTeX Font Info:    Redeclaring math symbol \ointop on input line 1448.
\eqntext=\dimen182
(/Users/franciscorowe/Library/TinyTeX/texmf-dist/tex/latex/natbib/natbib.sty
Package: natbib 2010/09/13 8.31b (PWD, AO)
\bibhang=\skip64
\bibsep=\skip65
LaTeX Info: Redefining \cite on input line 694.
\c@NAT@ctr=\count313
) (/Users/franciscorowe/Library/TinyTeX/texmf-dist/tex/latex/hyperref/hyperref.sty
Package: hyperref 2026-01-29 v7.01p Hypertext links for LaTeX
(/Users/franciscorowe/Library/TinyTeX/texmf-dist/tex/latex/kvsetkeys/kvsetkeys.sty
Package: kvsetkeys 2022-10-05 v1.19 Key value parser (HO)
) (/Users/franciscorowe/Library/TinyTeX/texmf-dist/tex/generic/kvdefinekeys/kvdefinekeys.sty
Package: kvdefinekeys 2019-12-19 v1.6 Define keys (HO)
) (/Users/franciscorowe/Library/TinyTeX/texmf-dist/tex/generic/pdfescape/pdfescape.sty
Package: pdfescape 2019/12/09 v1.15 Implements pdfTeX's escape features (HO)
(/Users/franciscorowe/Library/TinyTeX/texmf-dist/tex/generic/ltxcmds/ltxcmds.sty
Package: ltxcmds 2023-12-04 v1.26 LaTeX kernel commands for general use (HO)
) (/Users/franciscorowe/Library/TinyTeX/texmf-dist/tex/generic/pdftexcmds/pdftexcmds.sty
Package: pdftexcmds 2020-06-27 v0.33 Utility functions of pdfTeX for LuaTeX (HO)
Package pdftexcmds Info: \pdf@primitive is available.
Package pdftexcmds Info: \pdf@ifprimitive is available.
Package pdftexcmds Info: \pdfdraftmode not found.
)) (/Users/franciscorowe/Library/TinyTeX/texmf-dist/tex/latex/hycolor/hycolor.sty
Package: hycolor 2020-01-27 v1.10 Color options for hyperref/bookmark (HO)
) (/Users/franciscorowe/Library/TinyTeX/texmf-dist/tex/latex/hyperref/nameref.sty
Package: nameref 2026-01-29 v2.58 Cross-referencing by name of section
(/Users/franciscorowe/Library/TinyTeX/texmf-dist/tex/latex/refcount/refcount.sty
Package: refcount 2019/12/15 v3.6 Data extraction from label references (HO)
) (/Users/franciscorowe/Library/TinyTeX/texmf-dist/tex/generic/gettitlestring/gettitlestring.sty
Package: gettitlestring 2019/12/15 v1.6 Cleanup title references (HO)
(/Users/franciscorowe/Library/TinyTeX/texmf-dist/tex/latex/kvoptions/kvoptions.sty
Package: kvoptions 2022-06-15 v3.15 Key value format for package options (HO)
))
\c@section@level=\count314
) (/Users/franciscorowe/Library/TinyTeX/texmf-dist/tex/latex/etoolbox/etoolbox.sty
Package: etoolbox 2025/10/02 v2.5m e-TeX tools for LaTeX (JAW)
\etb@tempcnta=\count315
) (/Users/franciscorowe/Library/TinyTeX/texmf-dist/tex/generic/stringenc/stringenc.sty
Package: stringenc 2019/11/29 v1.12 Convert strings between diff. encodings (HO)
)
\@linkdim=\dimen183
\Hy@linkcounter=\count316
\Hy@pagecounter=\count317
(/Users/franciscorowe/Library/TinyTeX/texmf-dist/tex/latex/hyperref/pd1enc.def
File: pd1enc.def 2026-01-29 v7.01p Hyperref: PDFDocEncoding definition (HO)
) (/Users/franciscorowe/Library/TinyTeX/texmf-dist/tex/generic/intcalc/intcalc.sty
Package: intcalc 2019/12/15 v1.3 Expandable calculations with integers (HO)
)
\Hy@SavedSpaceFactor=\count318
(/Users/franciscorowe/Library/TinyTeX/texmf-dist/tex/latex/hyperref/puenc.def
File: puenc.def 2026-01-29 v7.01p Hyperref: PDF Unicode definition (HO)
)
Package hyperref Info: Option `bookmarksnumbered' set `true' on input line 4072.
Package hyperref Info: Option `raiselinks' set `true' on input line 4072.
Package hyperref Info: Option `breaklinks' set `true' on input line 4072.
Package hyperref Info: Hyper figures OFF on input line 4201.
Package hyperref Info: Link nesting OFF on input line 4206.
Package hyperref Info: Hyper index ON on input line 4209.
Package hyperref Info: Plain pages OFF on input line 4216.
Package hyperref Info: Backreferencing OFF on input line 4221.
Package hyperref Info: Implicit mode ON; LaTeX internals redefined.
Package hyperref Info: Bookmarks ON on input line 4468.
\c@Hy@tempcnt=\count319
(/Users/franciscorowe/Library/TinyTeX/texmf-dist/tex/latex/url/url.sty
\Urlmuskip=\muskip18
Package: url 2013/09/16  ver 3.4  Verb mode for urls, etc.
)
LaTeX Info: Redefining \url on input line 4807.
\XeTeXLinkMargin=\dimen184
(/Users/franciscorowe/Library/TinyTeX/texmf-dist/tex/generic/bitset/bitset.sty
Package: bitset 2019/12/09 v1.3 Handle bit-vector datatype (HO)
(/Users/franciscorowe/Library/TinyTeX/texmf-dist/tex/generic/bigintcalc/bigintcalc.sty
Package: bigintcalc 2019/12/15 v1.5 Expandable calculations on big integers (HO)
))
\Fld@menulength=\count320
\Field@Width=\dimen185
\Fld@charsize=\dimen186
Package hyperref Info: Hyper figures OFF on input line 6084.
Package hyperref Info: Link nesting OFF on input line 6089.
Package hyperref Info: Hyper index ON on input line 6092.
Package hyperref Info: backreferencing OFF on input line 6099.
Package hyperref Info: Link coloring OFF on input line 6104.
Package hyperref Info: Link coloring with OCG OFF on input line 6109.
Package hyperref Info: PDF/A mode OFF on input line 6114.
\Hy@abspage=\count321
\c@Item=\count322
\c@Hfootnote=\count323
)
Package hyperref Info: Driver (autodetected): hxetex.
(/Users/franciscorowe/Library/TinyTeX/texmf-dist/tex/latex/hyperref/hxetex.def
File: hxetex.def 2026-01-29 v7.01p Hyperref driver for XeTeX
\pdfm@box=\box66
\c@Hy@AnnotLevel=\count324
\HyField@AnnotCount=\count325
\Fld@listcount=\count326
\c@bookmark@seq@number=\count327
(/Users/franciscorowe/Library/TinyTeX/texmf-dist/tex/latex/rerunfilecheck/rerunfilecheck.sty
Package: rerunfilecheck 2025-06-21 v1.11 Rerun checks for auxiliary files (HO)
(/Users/franciscorowe/Library/TinyTeX/texmf-dist/tex/generic/uniquecounter/uniquecounter.sty
Package: uniquecounter 2019/12/15 v1.4 Provide unlimited unique counter (HO)
)
Package uniquecounter Info: New unique counter `rerunfilecheck' on input line 284.
)
\Hy@SectionHShift=\skip66
)
Package hyperref Info: Option `colorlinks' set `true' on input line 1524.
) (/Users/franciscorowe/Library/TinyTeX/texmf-dist/tex/latex/base/fontenc.sty
Package: fontenc 2025/07/18 v2.1d Standard LaTeX package
LaTeX Font Info:    Trying to load font information for T1+ppl on input line 116.
(/Users/franciscorowe/Library/TinyTeX/texmf-dist/tex/latex/psnfss/t1ppl.fd
File: t1ppl.fd 2001/06/04 font definitions for T1/ppl.
)) (/Users/franciscorowe/Library/TinyTeX/texmf-dist/tex/latex/base/inputenc.sty
Package: inputenc 2024/02/08 v1.3d Input encoding file
\inpenc@prehook=\toks55
\inpenc@posthook=\toks56

Package inputenc Warning: inputenc package ignored with utf8 based engines.

) (/Users/franciscorowe/Library/TinyTeX/texmf-dist/tex/latex/tools/longtable.sty
Package: longtable 2025-10-13 v4.24 Multi-page Table package (DPC)
\LTleft=\skip67
\LTright=\skip68
\LTpre=\skip69
\LTpost=\skip70
\LTchunksize=\count328
\LTcapwidth=\dimen187
\LT@head=\box67
\LT@firsthead=\box68
\LT@foot=\box69
\LT@lastfoot=\box70
\LT@gbox=\box71
\LT@cols=\count329
\LT@rows=\count330
\c@LT@tables=\count331
\c@LT@chunks=\count332
\LT@p@ftn=\toks57
) (/Users/franciscorowe/Library/TinyTeX/texmf-dist/tex/latex/booktabs/booktabs.sty
Package: booktabs 2020/01/12 v1.61803398 Publication quality tables
\heavyrulewidth=\dimen188
\lightrulewidth=\dimen189
\cmidrulewidth=\dimen190
\belowrulesep=\dimen191
\belowbottomsep=\dimen192
\aboverulesep=\dimen193
\abovetopsep=\dimen194
\cmidrulesep=\dimen195
\cmidrulekern=\dimen196
\defaultaddspace=\dimen197
\@cmidla=\count333
\@cmidlb=\count334
\@aboverulesep=\dimen198
\@belowrulesep=\dimen199
\@thisruleclass=\count335
\@lastruleclass=\count336
\@thisrulewidth=\dimen256
) (/Users/franciscorowe/Library/TinyTeX/texmf-dist/tex/latex/tools/calc.sty
Package: calc 2025/03/01 v4.3b Infix arithmetic (KKT,FJ)
\calc@Acount=\count337
\calc@Bcount=\count338
\calc@Adimen=\dimen257
\calc@Bdimen=\dimen258
\calc@Askip=\skip71
\calc@Bskip=\skip72
LaTeX Info: Redefining \setlength on input line 86.
LaTeX Info: Redefining \addtolength on input line 87.
\calc@Ccount=\count339
\calc@Cskip=\skip73
) (/Users/franciscorowe/Library/TinyTeX/texmf-dist/tex/latex/mdwtools/footnote.sty
Package: footnote 1997/01/28 1.13 Save footnotes around boxes
\fn@notes=\box72
\fn@width=\dimen259
)
\c@theorem=\count340
\c@condition=\count341
\c@corollary=\count342
(/Users/franciscorowe/Library/TinyTeX/texmf-dist/tex/latex/l3backend/l3backend-xetex.def
File: l3backend-xetex.def 2025-10-09 L3 backend support: XeTeX
\g__graphics_track_int=\count343
\g__pdfannot_backend_int=\count344
\g__pdfannot_backend_link_int=\count345
) (./rsos-debias-r1.aux)
\openout1 = `rsos-debias-r1.aux'.

LaTeX Font Info:    Checking defaults for OML/cmm/m/it on input line 41.
LaTeX Font Info:    ... okay on input line 41.
LaTeX Font Info:    Checking defaults for OMS/cmsy/m/n on input line 41.
LaTeX Font Info:    ... okay on input line 41.
LaTeX Font Info:    Checking defaults for OT1/cmr/m/n on input line 41.
LaTeX Font Info:    ... okay on input line 41.
LaTeX Font Info:    Checking defaults for T1/cmr/m/n on input line 41.
LaTeX Font Info:    ... okay on input line 41.
LaTeX Font Info:    Checking defaults for TS1/cmr/m/n on input line 41.
LaTeX Font Info:    ... okay on input line 41.
LaTeX Font Info:    Checking defaults for TU/lmr/m/n on input line 41.
LaTeX Font Info:    ... okay on input line 41.
LaTeX Font Info:    Checking defaults for OMX/cmex/m/n on input line 41.
LaTeX Font Info:    ... okay on input line 41.
LaTeX Font Info:    Checking defaults for U/cmr/m/n on input line 41.
LaTeX Font Info:    ... okay on input line 41.
LaTeX Font Info:    Checking defaults for PD1/pdf/m/n on input line 41.
LaTeX Font Info:    ... okay on input line 41.
LaTeX Font Info:    Checking defaults for PU/pdf/m/n on input line 41.
LaTeX Font Info:    ... okay on input line 41.
Package crop Info: using `pdftex' graphics driver on input line 41.
Package hyperref Info: Link coloring ON on input line 41.
(./rsos-debias-r1.out) (./rsos-debias-r1.out)
\@outlinefile=\write4
\openout4 = `rsos-debias-r1.out'.


Underfull \hbox (badness 4328) in paragraph at lines 81--83
\T1/ppl/m/n/9 Traditional sources of pop-u-la-tion data, such as 
 []


Underfull \hbox (badness 2435) in paragraph at lines 81--83
\T1/ppl/m/n/9 cen-suses and sur-veys, are costly, in-fre-quent and 
 []


Overfull \hbox (0.95624pt too wide) in paragraph at lines 81--83
\T1/ppl/m/n/9 rep-re-sen-ta-tive-ness. De-spite recog-ni-tion of these is-sues, 
 []


Underfull \hbox (badness 7133) in paragraph at lines 81--83
\T1/ppl/m/n/9 frame-work to quan-tify and ex-plain pop-u-la-tion 
 []


Underfull \hbox (badness 1960) in paragraph at lines 81--83
\T1/ppl/m/n/9 data with-out re-quir-ing individual-level at-tributes. 
 []


Underfull \hbox (badness 1715) in paragraph at lines 81--83
\T1/ppl/m/n/9 iden-tify con-tex-tual drivers of spa-tial vari-a-tion in 
 []


Underfull \hbox (badness 2726) in paragraph at lines 81--83
\T1/ppl/m/n/9 bench-marked against the 2021 cen-sus, we show 
 []


Underfull \hbox (badness 4072) in paragraph at lines 81--83
\T1/ppl/m/n/9 ways. Con-trary to com-mon as-sump-tions, multi- 
 []


Overfull \hbox (1.95563pt too wide) in paragraph at lines 81--83
\T1/ppl/m/n/9 com-pared to single-app sources. Our find-ings es-tab-lish 
 []


Underfull \hbox (badness 3460) in paragraph at lines 81--83
\T1/ppl/m/n/9 of-fer-ing prac-ti-cal tools for re-searchers, sta-tis-ti-cal 
 []

File: OPENSCIENCE.pdf Graphic file (type pdf)
<use OPENSCIENCE.pdf>

Overfull \hbox (11.30959pt too wide) in paragraph at lines 90--90
[][] 
 []

LaTeX Font Info:    Font shape `T1/phv/m/n' will be
(Font)              scaled to size 11.47508pt on input line 90.

Overfull \hbox (13.63518pt too wide) in paragraph at lines 90--90
[][]\T1/phv/m/n/13.5 rsos.royalsocietypublishing.org[] 
 []

LaTeX Font Info:    Font shape `T1/phv/m/n' will be
(Font)              scaled to size 15.30011pt on input line 90.
File: OpenAccesslogo_bw.pdf Graphic file (type pdf)
<use OpenAccesslogo_bw.pdf>
File: RS_crossmark_logo.pdf Graphic file (type pdf)
<use RS_crossmark_logo.pdf>
LaTeX Font Info:    Font shape `T1/phv/m/n' will be
(Font)              scaled to size 8.50006pt on input line 90.
LaTeX Font Info:    Font shape `T1/phv/b/n' will be
(Font)              scaled to size 8.50006pt on input line 90.
LaTeX Font Info:    Trying to load font information for U+msa on input line 90.
(/Users/franciscorowe/Library/TinyTeX/texmf-dist/tex/latex/amsfonts/umsa.fd
File: umsa.fd 2013/01/14 v3.01 AMS symbols A
)
LaTeX Font Info:    Trying to load font information for U+msb on input line 90.
(/Users/franciscorowe/Library/TinyTeX/texmf-dist/tex/latex/amsfonts/umsb.fd
File: umsb.fd 2013/01/14 v3.01 AMS symbols B
)
LaTeX Font Info:    Trying to load font information for U+euex on input line 90.
(/Users/franciscorowe/Library/TinyTeX/texmf-dist/tex/latex/amsfonts/ueuex.fd
File: ueuex.fd 2013/01/14 v3.01 Euler extra symbols
)
LaTeX Font Info:    Trying to load font information for T1+pcr on input line 90.
(/Users/franciscorowe/Library/TinyTeX/texmf-dist/tex/latex/psnfss/t1pcr.fd
File: t1pcr.fd 2001/06/04 font definitions for T1/pcr.
)
LaTeX Font Info:    Font shape `T1/phv/m/n' will be
(Font)              scaled to size 17.00012pt on input line 90.
LaTeX Font Info:    Font shape `T1/phv/m/n' will be
(Font)              scaled to size 11.90009pt on input line 90.
LaTeX Font Info:    Calculating math sizes for size <14> on input line 90.
LaTeX Font Info:    Calculating math sizes for size <11> on input line 90.

LaTeX Font Warning: Font shape `OT1/cmr/m/n' in size <5.5> not available
(Font)              size <5> substituted on input line 90.


LaTeX Font Warning: Font shape `OML/cmm/m/it' in size <5.5> not available
(Font)              size <5> substituted on input line 90.


LaTeX Font Warning: Font shape `OMS/cmsy/m/n' in size <5.5> not available
(Font)              size <5> substituted on input line 90.


Overfull \hbox (170.71654pt too wide) in paragraph at lines 90--90
[] 
 []


Overfull \hbox (11.48364pt too wide) in paragraph at lines 90--90
$[]$|  $[]$ 
 []


Underfull \vbox (badness 10000) has occurred while \output is active []


Underfull \hbox (badness 10000) has occurred while \output is active
[]
 []

File: RSOS_Pubs_Logo_Line_CMYK.pdf Graphic file (type pdf)
<use RSOS_Pubs_Logo_Line_CMYK.pdf>
LaTeX Font Info:    Font shape `T1/phv/m/n' will be
(Font)              scaled to size 6.37505pt on input line 91.
LaTeX Font Info:    Calculating math sizes for size <7.5> on input line 91.

LaTeX Font Warning: Font shape `OT1/cmr/m/n' in size <7.5> not available
(Font)              size <7> substituted on input line 91.


LaTeX Font Warning: Font shape `OT1/cmr/m/n' in size <3.75> not available
(Font)              size <5> substituted on input line 91.


LaTeX Font Warning: Font shape `OML/cmm/m/it' in size <7.5> not available
(Font)              size <7> substituted on input line 91.


LaTeX Font Warning: Font shape `OML/cmm/m/it' in size <3.75> not available
(Font)              size <5> substituted on input line 91.


LaTeX Font Warning: Font shape `OMS/cmsy/m/n' in size <7.5> not available
(Font)              size <7> substituted on input line 91.


LaTeX Font Warning: Font shape `OMS/cmsy/m/n' in size <3.75> not available
(Font)              size <5> substituted on input line 91.

LaTeX Font Info:    Trying to load font information for TS1+phv on input line 91.
(/Users/franciscorowe/Library/TinyTeX/texmf-dist/tex/latex/psnfss/ts1phv.fd
File: ts1phv.fd 2020/03/25 scalable font definitions for TS1/phv.
)
LaTeX Font Info:    Font shape `TS1/phv/m/n' will be
(Font)              scaled to size 6.37505pt on input line 91.
LaTeX Font Info:    Font shape `T1/phv/m/n' will be
(Font)              scaled to size 4.4625pt on input line 91.
LaTeX Font Info:    Font shape `T1/phv/m/n' will be
(Font)              scaled to size 3.18752pt on input line 91.

Overfull \hbox (14.27687pt too wide) has occurred while \output is active
[]  [][][][][][] 
 []

[1


]
LaTeX Font Info:    Font shape `T1/phv/m/n' will be
(Font)              scaled to size 13.6001pt on input line 93.

Underfull \hbox (badness 1688) in paragraph at lines 95--110
\T1/ppl/m/n/9 and COVID-19 have tested and ac-cen-tu-ated weak-nesses in tra-di-tional data sys-tems [[]].
 []


Underfull \hbox (badness 1783) in paragraph at lines 145--163
[]\T1/ppl/m/n/9 However, the use of MPD present ma-jor epis-te-mo-log-i-cal, method-olog-i-cal and eth-i-cal
 []


Underfull \hbox (badness 1142) in paragraph at lines 164--181
\T1/ppl/m/n/9 un-cor-rected, MPD re-pro-duce se-lec-tive pat-terns of smart-phone own-er-ship and ap-pli-ca-tion
 []


Underfull \vbox (badness 10000) has occurred while \output is active []

LaTeX Font Info:    Font shape `T1/phv/b/n' will be
(Font)              scaled to size 7.65005pt on input line 181.

Overfull \vbox (21.4162pt too high) has occurred while \output is active []

[2]
Underfull \hbox (badness 1117) in paragraph at lines 182--183
\T1/ppl/m/n/9 ar-eas [[],[],[],[]]. While this ap-proach is use-ful as a first di-ag-nos-tic tool, strong global
 []

LaTeX Font Info:    Trying to load font information for TS1+ppl on input line 193.
(/Users/franciscorowe/Library/TinyTeX/texmf-dist/tex/latex/psnfss/ts1ppl.fd
File: ts1ppl.fd 2001/06/04 font definitions for TS1/ppl.
)
Underfull \hbox (badness 3364) in paragraph at lines 199--203
[]\T1/ppl/m/n/9 How sys-tem-atic is the as-so-ci-a-tion be-tween larger pop-u-la-tion bi-ases and over-
 []


Overfull \vbox (21.51176pt too high) has occurred while \output is active []

[3]
Overfull \vbox (21.4162pt too high) has occurred while \output is active []

[4]
File: figures/debias-approach.png Graphic file (type bmp)
<figures/debias-approach.png>
LaTeX Font Info:    Font shape `T1/phv/b/n' will be
(Font)              scaled to size 7.22505pt on input line 334.
LaTeX Font Info:    Font shape `T1/phv/m/n' will be
(Font)              scaled to size 7.22505pt on input line 334.

Underfull \hbox (badness 10000) detected at line 334
[]
 []

File: figures/table-data-source.png Graphic file (type bmp)
<figures/table-data-source.png>

Underfull \hbox (badness 10000) detected at line 340
[]
 []


LaTeX Warning: `h' float specifier changed to `ht'.


Underfull \vbox (badness 10000) has occurred while \output is active []


Overfull \vbox (21.51176pt too high) has occurred while \output is active []

[5]
Overfull \vbox (21.51176pt too high) has occurred while \output is active []

[6]
Overfull \vbox (21.4162pt too high) has occurred while \output is active []

[7]
Underfull \hbox (badness 1221) in paragraph at lines 501--502
\T1/ppl/m/n/9 of the cap-tured pop-u-la-tion and there-fore can-not re-li-ably re-strict the de-nom-i-na-tor to the
 []


Overfull \vbox (21.51176pt too high) has occurred while \output is active []

[8]
Underfull \hbox (badness 1024) in paragraph at lines 536--549
\T1/ppl/m/n/9 derived and cen-sus counts scale pro-por-tion-ally across ar-eas, and high global fit is of-ten
 []


Overfull \hbox (7.14294pt too wide) in paragraph at lines 571--573
[]\T1/ppl/m/n/9 To test whether con-ven-tional pro-por-tional val-i-da-tion is suf-fi-cient to as-sess the rep-re-sen-ta-tive-ness
 []


Overfull \vbox (21.51176pt too high) has occurred while \output is active []

[9]
File: figures/01_table-variable-dictionary_explain.png Graphic file (type bmp)
<figures/01_table-variable-dictionary_explain.png>

Underfull \hbox (badness 10000) detected at line 668
[]
 []


LaTeX Warning: `h' float specifier changed to `ht'.


Overfull \vbox (21.51176pt too high) has occurred while \output is active []

[10]
Overfull \vbox (21.4162pt too high) has occurred while \output is active []

[11]
File: figures/compare-surveys-simplified.png Graphic file (type bmp)
<figures/compare-surveys-simplified.png>

Overfull \vbox (21.4162pt too high) has occurred while \output is active []

[12]
Underfull \hbox (badness 2671) in paragraph at lines 730--742
[]\T1/ppl/m/n/9 Despite dif-fer-ences in pop-u-la-tion cov-er-age, both MPD and tra-di-tional sur-veys of-fer
 []


Underfull \hbox (badness 1668) in paragraph at lines 730--742
\T1/ppl/m/n/9 rep-re-sen-ta-tive-ness at the na-tional level. They rarely ex-pand to pro-vide ro-bust lev-els of
 []


Underfull \hbox (badness 3579) in paragraph at lines 743--757
\T1/ppl/m/n/9 iden-ti-fiers. As such, ap-ply-ing the sim-i-lar post-stratification ad-just-ments is chal-leng-ing.
 []


Underfull \hbox (badness 2318) in paragraph at lines 758--766
[]\T1/ppl/m/n/9 We ar-gue that we can in-fer some of these char-ac-ter-is-tics by lever-ag-ing the spatio-
 []

File: figures/Fig-size-bias-r1.png Graphic file (type bmp)
<figures/Fig-size-bias-r1.png>

Overfull \hbox (14.22792pt too wide) in paragraph at lines 791--799
 [][] 
 []

LaTeX Font Info:    Calculating math sizes for size <8.5> on input line 799.

LaTeX Font Warning: Font shape `OT1/cmr/m/n' in size <8.5> not available
(Font)              size <8> substituted on input line 799.


LaTeX Font Warning: Font shape `OT1/cmr/m/n' in size <4.25> not available
(Font)              size <5> substituted on input line 799.


LaTeX Font Warning: Font shape `OML/cmm/m/it' in size <8.5> not available
(Font)              size <8> substituted on input line 799.


LaTeX Font Warning: Font shape `OML/cmm/m/it' in size <4.25> not available
(Font)              size <5> substituted on input line 799.


LaTeX Font Warning: Font shape `OMS/cmsy/m/n' in size <8.5> not available
(Font)              size <8> substituted on input line 799.


LaTeX Font Warning: Font shape `OMS/cmsy/m/n' in size <4.25> not available
(Font)              size <5> substituted on input line 799.


Overfull \vbox (21.51176pt too high) has occurred while \output is active []

[13]
Overfull \vbox (21.4162pt too high) has occurred while \output is active []

[14]
Underfull \hbox (badness 2293) in paragraph at lines 862--876
\T1/ppl/m/n/9 resid-ual bias plot-ted against the con-tex-tual co-vari-ate se-lected from ex-am-in-ing pair-wise
 []

File: figures/residual-maps.png Graphic file (type bmp)
<figures/residual-maps.png>

Overfull \hbox (14.22075pt too wide) in paragraph at lines 890--899
 [][] 
 []


Overfull \vbox (21.51176pt too high) has occurred while \output is active []

[15]
File: figures/radial-plots_feature-importance.png Graphic file (type bmp)
<figures/radial-plots_feature-importance.png>
File: figures/explain-bias.png Graphic file (type bmp)
<figures/explain-bias.png>

Overfull \hbox (17.06105pt too wide) in paragraph at lines 970--982
 [][] 
 []


Overfull \vbox (21.51176pt too high) has occurred while \output is active []

[16]
Overfull \vbox (21.4162pt too high) has occurred while \output is active []

[17]
Underfull \hbox (badness 1237) in paragraph at lines 1015--1043
[]\T1/ppl/m/n/9 Figure [][]6[][][] also re-veals sys-tem-atic com-plex non-lin-ear shapes in the as-so-ci-a-tion be-tween
 []


Underfull \vbox (badness 10000) has occurred while \output is active []


Overfull \vbox (21.51176pt too high) has occurred while \output is active []

[18]
Overfull \vbox (21.51176pt too high) has occurred while \output is active []

[19]

Package natbib Warning: Citation `Radoux21' on page 20 undefined on input line 1171.


Underfull \vbox (badness 10000) has occurred while \output is active []


Overfull \vbox (21.51176pt too high) has occurred while \output is active []

[20]
Overfull \vbox (21.4162pt too high) has occurred while \output is active []

[21] (./rsos-debias-r1.bbl
Underfull \hbox (badness 1264) in paragraph at lines 58--59
[]\T1/ppl/m/n/9 Moro E, Calacci D, Dong X, Pent-land A. 2021 Mo-bil-ity pat-terns are as-so-ci-ated with
 []


Overfull \vbox (21.4162pt too high) has occurred while \output is active []

[22]
Missing character: There is no – ("2013) in font pplr8t!

Underfull \hbox (badness 4254) in paragraph at lines 123--125
[]\T1/ppl/m/n/9 UK Gov-ern-ment. 2025 Pop-u-la-tion Move-ment Data: Un-lock-ing Op-por-tu-ni-ties for a
 []


Underfull \hbox (badness 10000) in paragraph at lines 123--125
\T1/ppl/m/n/9 Mod-ern Dig-i-tal Gov-ern-ment. [][]$\T1/pcr/m/n/9 https : / / www . gov . uk / government / publications /
 []


Overfull \hbox (72.73721pt too wide) in paragraph at lines 123--125
\T1/pcr/m/n/9 population-[]movement-[]data-[]unlocking-[]opportunities-[]for-[]a-[]modern-[]digital-[]government /
 []


Overfull \hbox (69.58722pt too wide) in paragraph at lines 123--125
\T1/pcr/m/n/9 population-[]movement-[]data-[]unlocking-[]opportunities-[]for-[]a-[]modern-[]digital-[]government$[][]\T1/ppl/m/n/9 .
 []


Overfull \vbox (21.51176pt too high) has occurred while \output is active []

[23]
Underfull \hbox (badness 1137) in paragraph at lines 168--169
[]\T1/ppl/m/n/9 den Nijs K, Omodei E, Sekara V. 2025 Data Bias in Hu-man Mo-bil-ity is a Uni-ver-sal
 []


Underfull \hbox (badness 3240) in paragraph at lines 177--178
[]\T1/ppl/m/n/9 Dindi PD, Stiegler N. 2025 Chart-ing the fu-ture of cen-suses: In-sights, lessons and
 []

) Setting LastPage
Overfull \vbox (21.4162pt too high) has occurred while \output is active []

[24]

Package natbib Warning: There were undefined citations.

(./rsos-debias-r1.aux)
 ***********
LaTeX2e <2025-11-01>
L3 programming layer <2026-01-19>
 ***********

LaTeX Font Warning: Size substitutions with differences
(Font)              up to 1.25pt have occurred.

Package rerunfilecheck Info: File `rsos-debias-r1.out' has not changed.
(rerunfilecheck)             Checksum: CA67F77FF0D613D00743ABDDB50C0CF8;3950.
 ) 
Here is how much of TeX's memory you used:
 12263 strings out of 470129
 190162 string characters out of 5475194
 606112 words of memory out of 5000000
 40621 multiletter control sequences out of 15000+600000
 685418 words of font info for 154 fonts, out of 8000000 for 9000
 46 hyphenation exceptions out of 8191
 87i,13n,93p,1534b,606s stack positions out of 10000i,1000n,20000p,200000b,200000s

Output written on rsos-debias-r1.pdf (24 pages).
