This is pdfTeX, Version 3.141592653-2.6-1.40.26 (TeX Live 2024) (preloaded format=pdflatex 2024.8.27)  20 JUN 2026 11:33
entering extended mode
 restricted \write18 enabled.
 %&-line parsing enabled.
**rsos-debias-r2.tex
(./rsos-debias-r2.tex
LaTeX2e <2023-11-01> patch level 1
L3 programming layer <2024-02-20>
(./rsos.cls

LaTeX Warning: You have requested document class `rsos',
               but the document class provides `rsproca'.

Document Class: rsproca 2005/12/01 v1.1 Standard LaTeX document class
(/usr/local/texlive/2024/texmf-dist/tex/latex/vruler/vruler.sty 2.3 <24/10/96>
    VRULER version 2.3 Octorber 1996 By Z Jiang
    University of New England, Australia
    Email: zhuhan@neumann.une.edu.au
) (/usr/local/texlive/2024/texmf-dist/tex/latex/crop/crop.sty
Package: crop 2017/11/19 1.10 crop marks (mf)

(/usr/local/texlive/2024/texmf-dist/tex/generic/iftex/ifluatex.sty
Package: ifluatex 2019/10/25 v1.5 ifluatex legacy package. Use iftex instead.

(/usr/local/texlive/2024/texmf-dist/tex/generic/iftex/iftex.sty
Package: iftex 2022/02/03 v1.0f TeX engine tests
))
\CROP@index=\count198

(/usr/local/texlive/2024/texmf-dist/tex/latex/graphics/color.sty
Package: color 2022/01/06 v1.3d Standard LaTeX Color (DPC)

(/usr/local/texlive/2024/texmf-dist/tex/latex/graphics-cfg/color.cfg
File: color.cfg 2016/01/02 v1.6 sample color configuration
)
Package color Info: Driver file: pdftex.def on input line 149.

(/usr/local/texlive/2024/texmf-dist/tex/latex/graphics-def/pdftex.def
File: pdftex.def 2022/09/22 v1.2b Graphics/color driver for pdftex
)
(/usr/local/texlive/2024/texmf-dist/tex/latex/graphics/mathcolor.ltx))
(/usr/local/texlive/2024/texmf-dist/tex/latex/graphics/graphics.sty
Package: graphics 2022/03/10 v1.4e Standard LaTeX Graphics (DPC,SPQR)

(/usr/local/texlive/2024/texmf-dist/tex/latex/graphics/trig.sty
Package: trig 2021/08/11 v1.11 sin cos tan (DPC)
)
(/usr/local/texlive/2024/texmf-dist/tex/latex/graphics-cfg/graphics.cfg
File: graphics.cfg 2016/06/04 v1.11 sample graphics configuration
)
Package graphics Info: Driver file: pdftex.def on input line 107.
)
\CROP@offset=\count199
Package crop Info: Local config file crop.cfg used on input line 622.

(/usr/local/texlive/2024/texmf-dist/tex/xelatex/xetexconfig/crop.cfg))
(/usr/local/texlive/2024/texmf-dist/tex/latex/amsmath/amsmath.sty
Package: amsmath 2023/05/13 v2.17o AMS math features
\@mathmargin=\skip48

For additional information on amsmath, use the `?' option.
(/usr/local/texlive/2024/texmf-dist/tex/latex/amsmath/amstext.sty
Package: amstext 2021/08/26 v2.01 AMS text

(/usr/local/texlive/2024/texmf-dist/tex/latex/amsmath/amsgen.sty
File: amsgen.sty 1999/11/30 v2.0 generic functions
\@emptytoks=\toks34
\ex@=\dimen145
))
(/usr/local/texlive/2024/texmf-dist/tex/latex/amsmath/amsbsy.sty
Package: amsbsy 1999/11/29 v1.2d Bold Symbols
\pmbraise@=\dimen146
)
(/usr/local/texlive/2024/texmf-dist/tex/latex/amsmath/amsopn.sty
Package: amsopn 2022/04/08 v2.04 operator names
)
\inf@bad=\count266
LaTeX Info: Redefining \frac on input line 234.
\uproot@=\count267
\leftroot@=\count268
LaTeX Info: Redefining \overline on input line 399.
LaTeX Info: Redefining \colon on input line 410.
\classnum@=\count269
\DOTSCASE@=\count270
LaTeX Info: Redefining \ldots on input line 496.
LaTeX Info: Redefining \dots on input line 499.
LaTeX Info: Redefining \cdots on input line 620.
\Mathstrutbox@=\box57
\strutbox@=\box58
LaTeX Info: Redefining \big on input line 722.
LaTeX Info: Redefining \Big on input line 723.
LaTeX Info: Redefining \bigg on input line 724.
LaTeX Info: Redefining \Bigg on input line 725.
\big@size=\dimen147
LaTeX Font Info:    Redeclaring font encoding OML on input line 743.
LaTeX Font Info:    Redeclaring font encoding OMS on input line 744.
\macc@depth=\count271
LaTeX Info: Redefining \bmod on input line 905.
LaTeX Info: Redefining \pmod on input line 910.
LaTeX Info: Redefining \smash on input line 940.
LaTeX Info: Redefining \relbar on input line 970.
LaTeX Info: Redefining \Relbar on input line 971.
\c@MaxMatrixCols=\count272
\dotsspace@=\muskip16
\c@parentequation=\count273
\dspbrk@lvl=\count274
\tag@help=\toks35
\row@=\count275
\column@=\count276
\maxfields@=\count277
\andhelp@=\toks36
\eqnshift@=\dimen148
\alignsep@=\dimen149
\tagshift@=\dimen150
\tagwidth@=\dimen151
\totwidth@=\dimen152
\lineht@=\dimen153
\@envbody=\toks37
\multlinegap=\skip49
\multlinetaggap=\skip50
\mathdisplay@stack=\toks38
LaTeX Info: Redefining \[ on input line 2953.
LaTeX Info: Redefining \] on input line 2954.
)
(/usr/local/texlive/2024/texmf-dist/tex/latex/amsfonts/amssymb.sty
Package: amssymb 2013/01/14 v3.01 AMS font symbols

(/usr/local/texlive/2024/texmf-dist/tex/latex/amsfonts/amsfonts.sty
Package: amsfonts 2013/01/14 v3.01 Basic AMSFonts support
\symAMSa=\mathgroup4
\symAMSb=\mathgroup5
LaTeX Font Info:    Redeclaring math symbol \hbar on input line 98.
LaTeX Font Info:    Overwriting math alphabet `\mathfrak' in version `bold'
(Font)                  U/euf/m/n --> U/euf/b/n on input line 106.
))
(/usr/local/texlive/2024/texmf-dist/tex/latex/amscls/upref.sty
Package: upref 2007/03/14 v2.04
)
(/usr/local/texlive/2024/texmf-dist/tex/latex/endnotes/endnotes.sty
Package: endnotes 2020-01-02 endnotes package
\c@endnote=\count278
\endnotesep=\dimen154
\@enotes=\write3
)
(/usr/local/texlive/2024/texmf-dist/tex/latex/amscls/amsthm.sty
Package: amsthm 2020/05/29 v2.20.6
\thm@style=\toks39
\thm@bodyfont=\toks40
\thm@headfont=\toks41
\thm@notefont=\toks42
\thm@headpunct=\toks43
\thm@preskip=\skip51
\thm@postskip=\skip52
\thm@headsep=\skip53
\dth@everypar=\toks44
)
(/usr/local/texlive/2024/texmf-dist/tex/latex/marginnote/marginnote.sty
Package: marginnote 2018/08/09 1.4b non floating margin notes for LaTeX
\c@mn@abspage=\count279
)
(/usr/local/texlive/2024/texmf-dist/tex/generic/soul/soul.sty
Package: soul 2023-06-14 v3.1 Permit use of UTF-8 characters in soul (HO)

(/usr/local/texlive/2024/texmf-dist/tex/generic/soul/soul-ori.sty
Package: soul-ori 2023-06-14 v3.1 letterspacing/underlining (mf)
\SOUL@word=\toks45
\SOUL@lasttoken=\toks46
\SOUL@syllable=\toks47
\SOUL@cmds=\toks48
\SOUL@buffer=\toks49
\SOUL@token=\toks50
\SOUL@syllgoal=\dimen155
\SOUL@syllwidth=\dimen156
\SOUL@charkern=\dimen157
\SOUL@hyphkern=\dimen158
\SOUL@dimen=\dimen159
\SOUL@dimeni=\dimen160
\SOUL@minus=\count280
\SOUL@comma=\count281
\SOUL@apo=\count282
\SOUL@grave=\count283
\SOUL@spaceskip=\skip54
\SOUL@ttwidth=\dimen161
\SOUL@uldp=\dimen162
\SOUL@ulht=\dimen163
)
(/usr/local/texlive/2024/texmf-dist/tex/generic/infwarerr/infwarerr.sty
Package: infwarerr 2019/12/03 v1.5 Providing info/warning/error messages (HO)
)
(/usr/local/texlive/2024/texmf-dist/tex/generic/etexcmds/etexcmds.sty
Package: etexcmds 2019/12/15 v1.7 Avoid name clashes with e-TeX commands (HO)
))
(/usr/local/texlive/2024/texmf-dist/tex/latex/graphics/graphicx.sty
Package: graphicx 2021/09/16 v1.2d Enhanced LaTeX Graphics (DPC,SPQR)

(/usr/local/texlive/2024/texmf-dist/tex/latex/graphics/keyval.sty
Package: keyval 2022/05/29 v1.15 key=value parser (DPC)
\KV@toks@=\toks51
)
\Gin@req@height=\dimen164
\Gin@req@width=\dimen165
)
(/usr/local/texlive/2024/texmf-dist/tex/latex/graphics/rotating.sty
Package: rotating 2016/08/11 v2.16d rotated objects in LaTeX

(/usr/local/texlive/2024/texmf-dist/tex/latex/base/ifthen.sty
Package: ifthen 2022/04/13 v1.1d Standard LaTeX ifthen package (DPC)
)
\c@r@tfl@t=\count284
\rotFPtop=\skip55
\rotFPbot=\skip56
\rot@float@box=\box59
\rot@mess@toks=\toks52
)
(/usr/local/texlive/2024/texmf-dist/tex/latex/tools/dcolumn.sty
Package: dcolumn 2023/07/08 v1.06 decimal alignment package (DPC)

(/usr/local/texlive/2024/texmf-dist/tex/latex/tools/array.sty
Package: array 2023/10/16 v2.5g Tabular extension package (FMi)
\col@sep=\dimen166
\ar@mcellbox=\box60
\extrarowheight=\dimen167
\NC@list=\toks53
\extratabsurround=\skip57
\backup@length=\skip58
\ar@cellbox=\box61
))
(/usr/local/texlive/2024/texmf-dist/tex/latex/base/fontenc.sty
Package: fontenc 2021/04/29 v2.0v Standard LaTeX package
)
(/usr/local/texlive/2024/texmf-dist/tex/latex/psnfss/palatino.sty
Package: palatino 2020/03/25 PSNFSS-v9.3 (SPQR) 
)
(/usr/local/texlive/2024/texmf-dist/tex/latex/psnfss/helvet.sty
Package: helvet 2020/03/25 PSNFSS-v9.3 (WaS) 
)
\catchlinewd=\dimen168
\dcht=\dimen169
\frametextht=\dimen170
\myrunhwidth=\skip59
LaTeX Font Info:    Trying to load font information for T1+phv on input line 47
9.

(/usr/local/texlive/2024/texmf-dist/tex/latex/psnfss/t1phv.fd
File: t1phv.fd 2020/03/25 scalable font definitions for T1/phv.
)
LaTeX Font Info:    Font shape `T1/phv/m/n' will be
(Font)              scaled to size 9.35007pt on input line 479.
\c@part=\count285
\c@section=\count286
\c@subsection=\count287
\c@subsubsection=\count288
\c@paragraph=\count289
\c@subparagraph=\count290
\c@figure=\count291
\c@scheme=\count292
\c@table=\count293
\abovecaptionskip=\skip60
\belowcaptionskip=\skip61
\leftnoteskip=\dimen171

(/usr/local/texlive/2024/texmf-dist/tex/latex/colortbl/colortbl.sty
Package: colortbl 2024/02/20 v1.0g Color table columns (DPC)
\everycr=\toks54
\minrowclearance=\skip62
\rownum=\count294
)
\bibindent=\dimen172
\absbox=\box62
\fmtextbox=\box63
\c@mythm=\count295
\rotdimen=\dimen173
\symEulerExtension=\mathgroup6
LaTeX Font Info:    Redeclaring math symbol \intop on input line 1447.
LaTeX Font Info:    Redeclaring math symbol \ointop on input line 1448.
\eqntext=\dimen174

(/usr/local/texlive/2024/texmf-dist/tex/latex/natbib/natbib.sty
Package: natbib 2010/09/13 8.31b (PWD, AO)
\bibhang=\skip63
\bibsep=\skip64
LaTeX Info: Redefining \cite on input line 694.
\c@NAT@ctr=\count296
)
(/usr/local/texlive/2024/texmf-dist/tex/latex/hyperref/hyperref.sty
Package: hyperref 2024-01-20 v7.01h Hypertext links for LaTeX

(/usr/local/texlive/2024/texmf-dist/tex/latex/kvsetkeys/kvsetkeys.sty
Package: kvsetkeys 2022-10-05 v1.19 Key value parser (HO)
)
(/usr/local/texlive/2024/texmf-dist/tex/generic/kvdefinekeys/kvdefinekeys.sty
Package: kvdefinekeys 2019-12-19 v1.6 Define keys (HO)
)
(/usr/local/texlive/2024/texmf-dist/tex/generic/pdfescape/pdfescape.sty
Package: pdfescape 2019/12/09 v1.15 Implements pdfTeX's escape features (HO)

(/usr/local/texlive/2024/texmf-dist/tex/generic/ltxcmds/ltxcmds.sty
Package: ltxcmds 2023-12-04 v1.26 LaTeX kernel commands for general use (HO)
)
(/usr/local/texlive/2024/texmf-dist/tex/generic/pdftexcmds/pdftexcmds.sty
Package: pdftexcmds 2020-06-27 v0.33 Utility functions of pdfTeX for LuaTeX (HO
)
Package pdftexcmds Info: \pdf@primitive is available.
Package pdftexcmds Info: \pdf@ifprimitive is available.
Package pdftexcmds Info: \pdfdraftmode found.
))
(/usr/local/texlive/2024/texmf-dist/tex/latex/hycolor/hycolor.sty
Package: hycolor 2020-01-27 v1.10 Color options for hyperref/bookmark (HO)
)
(/usr/local/texlive/2024/texmf-dist/tex/latex/auxhook/auxhook.sty
Package: auxhook 2019-12-17 v1.6 Hooks for auxiliary files (HO)
)
(/usr/local/texlive/2024/texmf-dist/tex/latex/hyperref/nameref.sty
Package: nameref 2023-11-26 v2.56 Cross-referencing by name of section

(/usr/local/texlive/2024/texmf-dist/tex/latex/refcount/refcount.sty
Package: refcount 2019/12/15 v3.6 Data extraction from label references (HO)
)
(/usr/local/texlive/2024/texmf-dist/tex/generic/gettitlestring/gettitlestring.s
ty
Package: gettitlestring 2019/12/15 v1.6 Cleanup title references (HO)
 (/usr/local/texlive/2024/texmf-dist/tex/latex/kvoptions/kvoptions.sty
Package: kvoptions 2022-06-15 v3.15 Key value format for package options (HO)
))
\c@section@level=\count297
)
(/usr/local/texlive/2024/texmf-dist/tex/latex/etoolbox/etoolbox.sty
Package: etoolbox 2020/10/05 v2.5k e-TeX tools for LaTeX (JAW)
\etb@tempcnta=\count298
)
\@linkdim=\dimen175
\Hy@linkcounter=\count299
\Hy@pagecounter=\count300

(/usr/local/texlive/2024/texmf-dist/tex/latex/hyperref/pd1enc.def
File: pd1enc.def 2024-01-20 v7.01h Hyperref: PDFDocEncoding definition (HO)
Now handling font encoding PD1 ...
... no UTF-8 mapping file for font encoding PD1
)
(/usr/local/texlive/2024/texmf-dist/tex/generic/intcalc/intcalc.sty
Package: intcalc 2019/12/15 v1.3 Expandable calculations with integers (HO)
)
\Hy@SavedSpaceFactor=\count301

(/usr/local/texlive/2024/texmf-dist/tex/latex/hyperref/puenc.def
File: puenc.def 2024-01-20 v7.01h Hyperref: PDF Unicode definition (HO)
Now handling font encoding PU ...
... no UTF-8 mapping file for font encoding PU
)
Package hyperref Info: Option `bookmarksnumbered' set `true' on input line 4062
.
Package hyperref Info: Option `raiselinks' set `true' on input line 4062.
Package hyperref Info: Option `breaklinks' set `true' on input line 4062.
Package hyperref Info: Hyper figures OFF on input line 4179.
Package hyperref Info: Link nesting OFF on input line 4184.
Package hyperref Info: Hyper index ON on input line 4187.
Package hyperref Info: Plain pages OFF on input line 4194.
Package hyperref Info: Backreferencing OFF on input line 4199.
Package hyperref Info: Implicit mode ON; LaTeX internals redefined.
Package hyperref Info: Bookmarks ON on input line 4446.
\c@Hy@tempcnt=\count302

(/usr/local/texlive/2024/texmf-dist/tex/latex/url/url.sty
\Urlmuskip=\muskip17
Package: url 2013/09/16  ver 3.4  Verb mode for urls, etc.
)
LaTeX Info: Redefining \url on input line 4784.
\XeTeXLinkMargin=\dimen176

(/usr/local/texlive/2024/texmf-dist/tex/generic/bitset/bitset.sty
Package: bitset 2019/12/09 v1.3 Handle bit-vector datatype (HO)

(/usr/local/texlive/2024/texmf-dist/tex/generic/bigintcalc/bigintcalc.sty
Package: bigintcalc 2019/12/15 v1.5 Expandable calculations on big integers (HO
)
))
\Fld@menulength=\count303
\Field@Width=\dimen177
\Fld@charsize=\dimen178
Package hyperref Info: Hyper figures OFF on input line 6063.
Package hyperref Info: Link nesting OFF on input line 6068.
Package hyperref Info: Hyper index ON on input line 6071.
Package hyperref Info: backreferencing OFF on input line 6078.
Package hyperref Info: Link coloring OFF on input line 6083.
Package hyperref Info: Link coloring with OCG OFF on input line 6088.
Package hyperref Info: PDF/A mode OFF on input line 6093.

(/usr/local/texlive/2024/texmf-dist/tex/latex/base/atbegshi-ltx.sty
Package: atbegshi-ltx 2021/01/10 v1.0c Emulation of the original atbegshi
package with kernel methods
)
\Hy@abspage=\count304
\c@Item=\count305
\c@Hfootnote=\count306
)
Package hyperref Info: Driver (autodetected): hpdftex.

(/usr/local/texlive/2024/texmf-dist/tex/latex/hyperref/hpdftex.def
File: hpdftex.def 2024-01-20 v7.01h Hyperref driver for pdfTeX

(/usr/local/texlive/2024/texmf-dist/tex/latex/base/atveryend-ltx.sty
Package: atveryend-ltx 2020/08/19 v1.0a Emulation of the original atveryend pac
kage
with kernel methods
)
\Fld@listcount=\count307
\c@bookmark@seq@number=\count308

(/usr/local/texlive/2024/texmf-dist/tex/latex/rerunfilecheck/rerunfilecheck.sty
Package: rerunfilecheck 2022-07-10 v1.10 Rerun checks for auxiliary files (HO)

(/usr/local/texlive/2024/texmf-dist/tex/generic/uniquecounter/uniquecounter.sty
Package: uniquecounter 2019/12/15 v1.4 Provide unlimited unique counter (HO)
)
Package uniquecounter Info: New unique counter `rerunfilecheck' on input line 2
85.
)
\Hy@SectionHShift=\skip65
)
Package hyperref Info: Option `colorlinks' set `true' on input line 1524.
) (/usr/local/texlive/2024/texmf-dist/tex/latex/base/fontenc.sty
Package: fontenc 2021/04/29 v2.0v Standard LaTeX package
LaTeX Font Info:    Trying to load font information for T1+ppl on input line 11
2.

(/usr/local/texlive/2024/texmf-dist/tex/latex/psnfss/t1ppl.fd
File: t1ppl.fd 2001/06/04 font definitions for T1/ppl.
))
(/usr/local/texlive/2024/texmf-dist/tex/latex/base/inputenc.sty
Package: inputenc 2021/02/14 v1.3d Input encoding file
\inpenc@prehook=\toks55
\inpenc@posthook=\toks56
)
(/usr/local/texlive/2024/texmf-dist/tex/latex/tools/longtable.sty
Package: longtable 2023-11-01 v4.19 Multi-page Table package (DPC)
\LTleft=\skip66
\LTright=\skip67
\LTpre=\skip68
\LTpost=\skip69
\LTchunksize=\count309
\LTcapwidth=\dimen179
\LT@head=\box64
\LT@firsthead=\box65
\LT@foot=\box66
\LT@lastfoot=\box67
\LT@gbox=\box68
\LT@cols=\count310
\LT@rows=\count311
\c@LT@tables=\count312
\c@LT@chunks=\count313
\LT@p@ftn=\toks57
)
(/usr/local/texlive/2024/texmf-dist/tex/latex/booktabs/booktabs.sty
Package: booktabs 2020/01/12 v1.61803398 Publication quality tables
\heavyrulewidth=\dimen180
\lightrulewidth=\dimen181
\cmidrulewidth=\dimen182
\belowrulesep=\dimen183
\belowbottomsep=\dimen184
\aboverulesep=\dimen185
\abovetopsep=\dimen186
\cmidrulesep=\dimen187
\cmidrulekern=\dimen188
\defaultaddspace=\dimen189
\@cmidla=\count314
\@cmidlb=\count315
\@aboverulesep=\dimen190
\@belowrulesep=\dimen191
\@thisruleclass=\count316
\@lastruleclass=\count317
\@thisrulewidth=\dimen192
)
(/usr/local/texlive/2024/texmf-dist/tex/latex/tools/calc.sty
Package: calc 2023/07/08 v4.3 Infix arithmetic (KKT,FJ)
\calc@Acount=\count318
\calc@Bcount=\count319
\calc@Adimen=\dimen193
\calc@Bdimen=\dimen194
\calc@Askip=\skip70
\calc@Bskip=\skip71
LaTeX Info: Redefining \setlength on input line 80.
LaTeX Info: Redefining \addtolength on input line 81.
\calc@Ccount=\count320
\calc@Cskip=\skip72
)
(/usr/local/texlive/2024/texmf-dist/tex/latex/mdwtools/footnote.sty
Package: footnote 1997/01/28 1.13 Save footnotes around boxes
\fn@notes=\box69
\fn@width=\dimen195
)
\c@theorem=\count321
\c@condition=\count322
\c@corollary=\count323

(/usr/local/texlive/2024/texmf-dist/tex/latex/l3backend/l3backend-pdftex.def
File: l3backend-pdftex.def 2024-02-20 L3 backend support: PDF output (pdfTeX)
\l__color_backend_stack_int=\count324
\l__pdf_internal_box=\box70
)
(./rsos-debias-r2.aux)
\openout1 = `rsos-debias-r2.aux'.

LaTeX Font Info:    Checking defaults for OML/cmm/m/it on input line 41.
LaTeX Font Info:    ... okay on input line 41.
LaTeX Font Info:    Checking defaults for OMS/cmsy/m/n on input line 41.
LaTeX Font Info:    ... okay on input line 41.
LaTeX Font Info:    Checking defaults for OT1/cmr/m/n on input line 41.
LaTeX Font Info:    ... okay on input line 41.
LaTeX Font Info:    Checking defaults for T1/cmr/m/n on input line 41.
LaTeX Font Info:    ... okay on input line 41.
LaTeX Font Info:    Checking defaults for TS1/cmr/m/n on input line 41.
LaTeX Font Info:    ... okay on input line 41.
LaTeX Font Info:    Checking defaults for OMX/cmex/m/n on input line 41.
LaTeX Font Info:    ... okay on input line 41.
LaTeX Font Info:    Checking defaults for U/cmr/m/n on input line 41.
LaTeX Font Info:    ... okay on input line 41.
LaTeX Font Info:    Checking defaults for PD1/pdf/m/n on input line 41.
LaTeX Font Info:    ... okay on input line 41.
LaTeX Font Info:    Checking defaults for PU/pdf/m/n on input line 41.
LaTeX Font Info:    ... okay on input line 41.

(/usr/local/texlive/2024/texmf-dist/tex/context/base/mkii/supp-pdf.mkii
[Loading MPS to PDF converter (version 2006.09.02).]
\scratchcounter=\count325
\scratchdimen=\dimen196
\scratchbox=\box71
\nofMPsegments=\count326
\nofMParguments=\count327
\everyMPshowfont=\toks58
\MPscratchCnt=\count328
\MPscratchDim=\dimen197
\MPnumerator=\count329
\makeMPintoPDFobject=\count330
\everyMPtoPDFconversion=\toks59
) (/usr/local/texlive/2024/texmf-dist/tex/latex/epstopdf-pkg/epstopdf-base.sty
Package: epstopdf-base 2020-01-24 v2.11 Base part for package epstopdf
Package epstopdf-base Info: Redefining graphics rule for `.eps' on input line 4
85.

(/usr/local/texlive/2024/texmf-dist/tex/latex/latexconfig/epstopdf-sys.cfg
File: epstopdf-sys.cfg 2010/07/13 v1.3 Configuration of (r)epstopdf for TeX Liv
e
))
Package crop Info: requested driver: `' on input line 41.
Package crop Info: detected driver: `pdftex' on input line 41.
Package crop Info: using `pdftex' graphics driver on input line 41.
Package hyperref Info: Link coloring ON on input line 41.

(./rsos-debias-r2.out) (./rsos-debias-r2.out)
\@outlinefile=\write4
\openout4 = `rsos-debias-r2.out'.


Underfull \hbox (badness 4328) in paragraph at lines 81--83
\T1/ppl/m/n/9 Traditional sources of pop-u-la-tion data, such as 
 []


Underfull \hbox (badness 5592) in paragraph at lines 81--83
\T1/ppl/m/n/9 data (MPD) of-fer near--real-time, high-resolution 
 []


Overfull \hbox (7.11807pt too wide) in paragraph at lines 81--83
\T1/ppl/m/n/9 is un-der-mined by un-equal ac-cess to dig-i-tal tech-nolo-gies, 

 []


Overfull \hbox (5.69917pt too wide) in paragraph at lines 81--83
\T1/ppl/m/n/9 cre-at-ing bi-ases that threaten rep-re-sen-ta-tive-ness. De-spit
e 
 []


Underfull \hbox (badness 4048) in paragraph at lines 81--83
\T1/ppl/m/n/9 ex-ists to ad-dress such bi-ases. We de-velop and 
 []


Underfull \hbox (badness 2443) in paragraph at lines 81--83
\T1/ppl/m/n/9 im-ple-ment a sys-tem-atic, repli-ca-ble frame-work to 
 []


Underfull \hbox (badness 1178) in paragraph at lines 81--83
\T1/ppl/m/n/9 quan-tify and ex-plain pop-u-la-tion cov-er-age bias in 
 []


Underfull \hbox (badness 2529) in paragraph at lines 81--83
\T1/ppl/m/n/9 learn-ing to iden-tify con-tex-tual drivers of spa-tial 
 []


Underfull \hbox (badness 3019) in paragraph at lines 81--83
\T1/ppl/m/n/9 as-so-ci-ated with de-mo-graphic, so-cioe-co-nomic and 
 []


Underfull \hbox (badness 1057) in paragraph at lines 81--83
\T1/ppl/m/n/9 datasets do not nec-es-sar-ily re-duce bias com-pared 
 []


Underfull \hbox (badness 2735) in paragraph at lines 81--83
\T1/ppl/m/n/9 in-fras-truc-ture re-quired to eval-u-ate, com-pare and 
 []

<OPENSCIENCE.pdf, id=76, 153.57375pt x 33.12375pt>
File: OPENSCIENCE.pdf Graphic file (type pdf)
<use OPENSCIENCE.pdf>
Package pdftex.def Info: OPENSCIENCE.pdf  used on input line 90.
(pdftex.def)             Requested size: 153.57336pt x 33.12366pt.

Overfull \hbox (11.30959pt too wide) in paragraph at lines 90--90
[][] 
 []

LaTeX Font Info:    Font shape `T1/phv/m/n' will be
(Font)              scaled to size 11.47508pt on input line 90.

Overfull \hbox (13.63518pt too wide) in paragraph at lines 90--90
[][]\T1/phv/m/n/13.5 rsos.royalsocietypublishing.org[] 
 []

LaTeX Font Info:    Font shape `T1/phv/m/n' will be
(Font)              scaled to size 15.30011pt on input line 90.
<OpenAccesslogo_bw.pdf, id=78, 20.075pt x 32.12pt>
File: OpenAccesslogo_bw.pdf Graphic file (type pdf)
<use OpenAccesslogo_bw.pdf>
Package pdftex.def Info: OpenAccesslogo_bw.pdf  used on input line 90.
(pdftex.def)             Requested size: 20.07494pt x 32.1199pt.
<RS_crossmark_logo.pdf, id=79, 25.92787pt x 32.61584pt>
File: RS_crossmark_logo.pdf Graphic file (type pdf)
<use RS_crossmark_logo.pdf>
Package pdftex.def Info: RS_crossmark_logo.pdf  used on input line 90.
(pdftex.def)             Requested size: 25.9278pt x 32.61575pt.
LaTeX Font Info:    Font shape `T1/phv/m/n' will be
(Font)              scaled to size 8.50006pt on input line 90.
LaTeX Font Info:    Font shape `T1/phv/b/n' will be
(Font)              scaled to size 8.50006pt on input line 90.
LaTeX Font Info:    Trying to load font information for U+msa on input line 90.

(/usr/local/texlive/2024/texmf-dist/tex/latex/amsfonts/umsa.fd
File: umsa.fd 2013/01/14 v3.01 AMS symbols A
)
LaTeX Font Info:    Trying to load font information for U+msb on input line 90.


(/usr/local/texlive/2024/texmf-dist/tex/latex/amsfonts/umsb.fd
File: umsb.fd 2013/01/14 v3.01 AMS symbols B
)
LaTeX Font Info:    Trying to load font information for U+euex on input line 90
.

(/usr/local/texlive/2024/texmf-dist/tex/latex/amsfonts/ueuex.fd
File: ueuex.fd 2013/01/14 v3.01 Euler extra symbols
)
LaTeX Font Info:    Trying to load font information for T1+pcr on input line 90
.

(/usr/local/texlive/2024/texmf-dist/tex/latex/psnfss/t1pcr.fd
File: t1pcr.fd 2001/06/04 font definitions for T1/pcr.
)
LaTeX Font Info:    Font shape `T1/phv/m/n' will be
(Font)              scaled to size 17.00012pt on input line 90.
LaTeX Font Info:    Font shape `T1/phv/m/n' will be
(Font)              scaled to size 11.90009pt on input line 90.
LaTeX Font Info:    Calculating math sizes for size <14> on input line 90.
LaTeX Font Info:    Calculating math sizes for size <11> on input line 90.


LaTeX Font Warning: Font shape `OT1/cmr/m/n' in size <5.5> not available
(Font)              size <5> substituted on input line 90.


LaTeX Font Warning: Font shape `OML/cmm/m/it' in size <5.5> not available
(Font)              size <5> substituted on input line 90.


LaTeX Font Warning: Font shape `OMS/cmsy/m/n' in size <5.5> not available
(Font)              size <5> substituted on input line 90.


Overfull \hbox (170.71654pt too wide) in paragraph at lines 90--90
[] 
 []


Overfull \hbox (11.48364pt too wide) in paragraph at lines 90--90
$[]$|  $[]$ 
 []


Underfull \vbox (badness 10000) has occurred while \output is active []


Underfull \hbox (badness 10000) has occurred while \output is active
[]
 []

<RSOS_Pubs_Logo_Line_CMYK.pdf, id=82, 153.57375pt x 20.075pt>
File: RSOS_Pubs_Logo_Line_CMYK.pdf Graphic file (type pdf)
<use RSOS_Pubs_Logo_Line_CMYK.pdf>
Package pdftex.def Info: RSOS_Pubs_Logo_Line_CMYK.pdf  used on input line 91.
(pdftex.def)             Requested size: 153.57336pt x 20.07494pt.
LaTeX Font Info:    Font shape `T1/phv/m/n' will be
(Font)              scaled to size 6.37505pt on input line 91.
LaTeX Font Info:    Calculating math sizes for size <7.5> on input line 91.

LaTeX Font Warning: Font shape `OT1/cmr/m/n' in size <7.5> not available
(Font)              size <7> substituted on input line 91.


LaTeX Font Warning: Font shape `OT1/cmr/m/n' in size <3.75> not available
(Font)              size <5> substituted on input line 91.


LaTeX Font Warning: Font shape `OML/cmm/m/it' in size <7.5> not available
(Font)              size <7> substituted on input line 91.


LaTeX Font Warning: Font shape `OML/cmm/m/it' in size <3.75> not available
(Font)              size <5> substituted on input line 91.


LaTeX Font Warning: Font shape `OMS/cmsy/m/n' in size <7.5> not available
(Font)              size <7> substituted on input line 91.


LaTeX Font Warning: Font shape `OMS/cmsy/m/n' in size <3.75> not available
(Font)              size <5> substituted on input line 91.

LaTeX Font Info:    Trying to load font information for TS1+phv on input line 9
1.
(/usr/local/texlive/2024/texmf-dist/tex/latex/psnfss/ts1phv.fd
File: ts1phv.fd 2020/03/25 scalable font definitions for TS1/phv.
)
LaTeX Font Info:    Font shape `TS1/phv/m/n' will be
(Font)              scaled to size 6.37505pt on input line 91.
LaTeX Font Info:    Font shape `T1/phv/m/n' will be
(Font)              scaled to size 4.4625pt on input line 91.
LaTeX Font Info:    Font shape `T1/phv/m/n' will be
(Font)              scaled to size 3.18752pt on input line 91.

Overfull \hbox (14.27687pt too wide) has occurred while \output is active
[]  [][][][][][] 
 []

[1


{/usr/local/texlive/2024/texmf-var/fonts/map/pdftex/updmap/pdftex.map}{/usr/loc
al/texlive/2024/texmf-dist/fonts/enc/dvips/base/8r.enc} <./OPENSCIENCE.pdf> <./
OpenAccesslogo_bw.pdf> <./RS_crossmark_logo.pdf> <./RSOS_Pubs_Logo_Line_CMYK.pd
f>]
LaTeX Font Info:    Font shape `T1/phv/m/n' will be
(Font)              scaled to size 13.6001pt on input line 93.

Underfull \hbox (badness 1688) in paragraph at lines 95--110
\T1/ppl/m/n/9 and COVID-19 have tested and ac-cen-tu-ated weak-nesses in tra-di
-tional data sys-tems [[]].
 []


Underfull \hbox (badness 1783) in paragraph at lines 148--166
[]\T1/ppl/m/n/9 However, the use of MPD present ma-jor epis-te-mo-log-i-cal, me
thod-olog-i-cal and eth-i-cal
 []


Underfull \hbox (badness 2057) in paragraph at lines 167--184
[]\T1/ppl/m/n/9 The use of bi-ased MPD can have ma-jor prac-ti-cal and so-ci-et
al im-pli-ca-tions. If used
 []


Underfull \hbox (badness 1142) in paragraph at lines 167--184
\T1/ppl/m/n/9 un-cor-rected, MPD re-pro-duce se-lec-tive pat-terns of smart-pho
ne own-er-ship and ap-pli-ca-tion
 []


Underfull \vbox (badness 10000) has occurred while \output is active []

LaTeX Font Info:    Font shape `T1/phv/b/n' will be
(Font)              scaled to size 7.65005pt on input line 184.

Overfull \vbox (21.4162pt too high) has occurred while \output is active []


[2]
Underfull \hbox (badness 1117) in paragraph at lines 185--203
\T1/ppl/m/n/9 ar-eas [[],[],[],[]]. While this ap-proach is use-ful as a first 
di-ag-nos-tic tool, strong global
 []

LaTeX Font Info:    Trying to load font information for TS1+ppl on input line 2
13.
(/usr/local/texlive/2024/texmf-dist/tex/latex/psnfss/ts1ppl.fd
File: ts1ppl.fd 2001/06/04 font definitions for TS1/ppl.
)
Underfull \hbox (badness 3364) in paragraph at lines 219--223
[]\T1/ppl/m/n/9 How sys-tem-atic is the as-so-ci-a-tion be-tween larger pop-u-l
a-tion bi-ases and over-
 []


Overfull \vbox (21.51176pt too high) has occurred while \output is active []


[3]

Package natbib Warning: Author undefined for citation`barreras2024exciting' 
(natbib)                on page 4 on input line 289.


Underfull \vbox (badness 10000) has occurred while \output is active []


Overfull \vbox (21.4162pt too high) has occurred while \output is active []


[4]
Underfull \hbox (badness 1057) in paragraph at lines 356--363
\T1/ppl/m/n/9 counts, digital-trace pop-u-la-tion counts for each source and th
e cor-re-spond-ing pop-u-la-tion
 []

<figures/debias-approach.png, id=218, 7990.85374pt x 3625.545pt>
File: figures/debias-approach.png Graphic file (type png)
<use figures/debias-approach.png>
Package pdftex.def Info: figures/debias-approach.png  used on input line 366.
(pdftex.def)             Requested size: 369.81506pt x 190.58185pt.
LaTeX Font Info:    Font shape `T1/phv/b/n' will be
(Font)              scaled to size 7.22505pt on input line 368.
LaTeX Font Info:    Font shape `T1/phv/m/n' will be
(Font)              scaled to size 7.22505pt on input line 368.

Underfull \hbox (badness 10000) detected at line 368
[]
 []

<figures/table-data-source.png, id=220, 2615.7725pt x 793.96625pt>
File: figures/table-data-source.png Graphic file (type png)
<use figures/table-data-source.png>
Package pdftex.def Info: figures/table-data-source.png  used on input line 373.

(pdftex.def)             Requested size: 384.1122pt x 116.582pt.

Underfull \hbox (badness 10000) detected at line 374
[]
 []


LaTeX Warning: `h' float specifier changed to `ht'.


Underfull \vbox (badness 10000) has occurred while \output is active []


Overfull \vbox (21.51176pt too high) has occurred while \output is active []


[5 <./figures/debias-approach.png>]
Overfull \vbox (21.51176pt too high) has occurred while \output is active []


[6 <./figures/table-data-source.png>]
Overfull \vbox (21.4162pt too high) has occurred while \output is active []


[7]
Overfull \vbox (21.51176pt too high) has occurred while \output is active []


[8]
Underfull \hbox (badness 1024) in paragraph at lines 587--600
\T1/ppl/m/n/9 derived and cen-sus counts scale pro-por-tion-ally across ar-eas,
 and high global fit is of-ten
 []


Overfull \hbox (7.14294pt too wide) in paragraph at lines 622--624
[]\T1/ppl/m/n/9 To test whether con-ven-tional pro-por-tional val-i-da-tion is 
suf-fi-cient to as-sess the rep-re-sen-ta-tive-ness
 []


Overfull \vbox (21.51176pt too high) has occurred while \output is active []


[9]
<figures/01_table-variable-dictionary_explain.png, id=299, 2634.84375pt x 2779.
38374pt>
File: figures/01_table-variable-dictionary_explain.png Graphic file (type png)
<use figures/01_table-variable-dictionary_explain.png>
Package pdftex.def Info: figures/01_table-variable-dictionary_explain.png  used
 on input line 718.
(pdftex.def)             Requested size: 384.1122pt x 405.18443pt.

Underfull \hbox (badness 10000) detected at line 719
[]
 []


LaTeX Warning: `h' float specifier changed to `ht'.


Overfull \vbox (21.51176pt too high) has occurred while \output is active []


[10]
Overfull \vbox (21.4162pt too high) has occurred while \output is active []


[11 <./figures/01_table-variable-dictionary_explain.png>]
<figures/compare-surveys-simplified.png, id=325, 6945.95pt x 4341.21875pt>
File: figures/compare-surveys-simplified.png Graphic file (type png)
<use figures/compare-surveys-simplified.png>
Package pdftex.def Info: figures/compare-surveys-simplified.png  used on input 
line 776.
(pdftex.def)             Requested size: 369.78699pt x 256.0237pt.

Overfull \vbox (21.4162pt too high) has occurred while \output is active []


[12 <./figures/compare-surveys-simplified.png>]
Underfull \hbox (badness 2671) in paragraph at lines 792--804
[]\T1/ppl/m/n/9 Despite dif-fer-ences in pop-u-la-tion cov-er-age, both MPD and
 tra-di-tional sur-veys of-fer
 []


Underfull \hbox (badness 1668) in paragraph at lines 792--804
\T1/ppl/m/n/9 rep-re-sen-ta-tive-ness at the na-tional level. They rarely ex-pa
nd to pro-vide ro-bust lev-els of
 []


Underfull \hbox (badness 3579) in paragraph at lines 805--820
\T1/ppl/m/n/9 iden-ti-fiers. As such, ap-ply-ing the sim-i-lar post-stratificat
ion ad-just-ments is chal-leng-ing.
 []


Underfull \hbox (badness 2318) in paragraph at lines 821--829
[]\T1/ppl/m/n/9 We ar-gue that we can in-fer some of these char-ac-ter-is-tics 
by lever-ag-ing the spatio-
 []

<figures/Fig-size-bias-r1.png, id=337, 1334.9875pt x 1076.02pt>
File: figures/Fig-size-bias-r1.png Graphic file (type png)
<use figures/Fig-size-bias-r1.png>
Package pdftex.def Info: figures/Fig-size-bias-r1.png  used on input line 854.
(pdftex.def)             Requested size: 398.3401pt x 369.88097pt.

Overfull \hbox (14.2279pt too wide) in paragraph at lines 854--862
 [][] 
 []

LaTeX Font Info:    Calculating math sizes for size <8.5> on input line 862.

LaTeX Font Warning: Font shape `OT1/cmr/m/n' in size <8.5> not available
(Font)              size <8> substituted on input line 862.


LaTeX Font Warning: Font shape `OT1/cmr/m/n' in size <4.25> not available
(Font)              size <5> substituted on input line 862.


LaTeX Font Warning: Font shape `OML/cmm/m/it' in size <8.5> not available
(Font)              size <8> substituted on input line 862.


LaTeX Font Warning: Font shape `OML/cmm/m/it' in size <4.25> not available
(Font)              size <5> substituted on input line 862.


LaTeX Font Warning: Font shape `OMS/cmsy/m/n' in size <8.5> not available
(Font)              size <8> substituted on input line 862.


LaTeX Font Warning: Font shape `OMS/cmsy/m/n' in size <4.25> not available
(Font)              size <5> substituted on input line 862.


Overfull \vbox (21.51176pt too high) has occurred while \output is active []


[13]
Overfull \vbox (21.4162pt too high) has occurred while \output is active []


[14 <./figures/Fig-size-bias-r1.png>]
Underfull \hbox (badness 2293) in paragraph at lines 937--951
\T1/ppl/m/n/9 resid-ual bias plot-ted against the con-tex-tual co-vari-ate se-l
ected from ex-am-in-ing pair-wise
 []

<figures/residual-maps.png, id=360, 1966.34625pt x 954.56625pt>
File: figures/residual-maps.png Graphic file (type png)
<use figures/residual-maps.png>
Package pdftex.def Info: figures/residual-maps.png  used on input line 965.
(pdftex.def)             Requested size: 398.33296pt x 199.1685pt.

Overfull \hbox (14.22076pt too wide) in paragraph at lines 965--974
 [][] 
 []


Overfull \vbox (21.51176pt too high) has occurred while \output is active []


[15]
<figures/radial-plots_feature-importance.png, id=370, 1744.5175pt x 1719.42375p
t>
File: figures/radial-plots_feature-importance.png Graphic file (type png)
<use figures/radial-plots_feature-importance.png>
Package pdftex.def Info: figures/radial-plots_feature-importance.png  used on i
nput line 1001.
(pdftex.def)             Requested size: 384.11447pt x 378.58923pt.
<figures/explain-bias.png, id=371, 7767.0175pt x 5238.57124pt>
File: figures/explain-bias.png Graphic file (type png)
<use figures/explain-bias.png>
Package pdftex.def Info: figures/explain-bias.png  used on input line 1045.
(pdftex.def)             Requested size: 401.17325pt x 347.07368pt.

Overfull \hbox (17.06105pt too wide) in paragraph at lines 1045--1057
 [][] 
 []


Overfull \vbox (21.51176pt too high) has occurred while \output is active []


[16 <./figures/residual-maps.png>]
Overfull \vbox (21.4162pt too high) has occurred while \output is active []


[17 <./figures/radial-plots_feature-importance.png>]
Underfull \hbox (badness 1237) in paragraph at lines 1090--1118
[]\T1/ppl/m/n/9 Figure [][]6[][][] also re-veals sys-tem-atic com-plex non-lin-
ear shapes in the as-so-ci-a-tion be-tween
 []


Underfull \vbox (badness 10000) has occurred while \output is active []


Overfull \vbox (21.51176pt too high) has occurred while \output is active []


[18 <./figures/explain-bias.png>]
Overfull \vbox (21.51176pt too high) has occurred while \output is active []


[19]

Package natbib Warning: Citation `Radoux21' on page 20 undefined on input line 
1253.


Underfull \vbox (badness 10000) has occurred while \output is active []


Overfull \vbox (21.51176pt too high) has occurred while \output is active []


[20]
Overfull \vbox (21.4162pt too high) has occurred while \output is active []


[21] (./rsos-debias-r2.bbl
Underfull \hbox (badness 1603) in paragraph at lines 43--46
[]\T1/ppl/m/n/9 Rowe F, Cabr-era C, Piet-roste-fani E, Ma-son M, Iradukunda R, 
Na-suto A, Bel-tran E.
 []


Underfull \hbox (badness 2165) in paragraph at lines 43--46
\T1/ppl/m/n/9 2026 SIT-U-A-TION RE-PORT: IRAN CON-FLICT DIG-I-TAL TRACE DATA AN
AL-Y-SIS -
 []


Overfull \vbox (21.4162pt too high) has occurred while \output is active []


[22]
Underfull \hbox (badness 1264) in paragraph at lines 104--107
[]\T1/ppl/m/n/9 Moro E, Calacci D, Dong X, Pent-land A. 2021 Mo-bil-ity pat-ter
ns are as-so-ci-ated with
 []


Overfull \vbox (21.51176pt too high) has occurred while \output is active []


[23]
Underfull \hbox (badness 4254) in paragraph at lines 221--225
[]\T1/ppl/m/n/9 UK Gov-ern-ment. 2025 Pop-u-la-tion Move-ment Data: Un-lock-ing
 Op-por-tu-ni-ties for a
 []


Underfull \hbox (badness 10000) in paragraph at lines 221--225
\T1/ppl/m/n/9 Mod-ern Dig-i-tal Gov-ern-ment. [][]$\T1/pcr/m/n/9 https : / / ww
w . gov . uk / government / publications /
 []


Overfull \hbox (72.73634pt too wide) in paragraph at lines 221--225
\T1/pcr/m/n/9 population-[]movement-[]data-[]unlocking-[]opportunities-[]for-[]
a-[]modern-[]digital-[]government /
 []


Overfull \hbox (69.58635pt too wide) in paragraph at lines 221--225
\T1/pcr/m/n/9 population-[]movement-[]data-[]unlocking-[]opportunities-[]for-[]
a-[]modern-[]digital-[]government$[][]\T1/ppl/m/n/9 .
 []


Underfull \hbox (badness 1137) in paragraph at lines 294--296
[]\T1/ppl/m/n/9 den Nijs K, Omodei E, Sekara V. 2025 Data Bias in Hu-man Mo-bil
-ity is a Uni-ver-sal
 []


Overfull \vbox (21.4162pt too high) has occurred while \output is active []


[24]
Underfull \hbox (badness 3240) in paragraph at lines 313--316
[]\T1/ppl/m/n/9 Dindi PD, Stiegler N. 2025 Chart-ing the fu-ture of cen-suses: 
In-sights, lessons and
 []

) Setting LastPage
Overfull \vbox (21.51176pt too high) has occurred while \output is active []


[25]

Package natbib Warning: There were undefined citations.

(./rsos-debias-r2.aux)
 ***********
LaTeX2e <2023-11-01> patch level 1
L3 programming layer <2024-02-20>
 ***********


LaTeX Font Warning: Size substitutions with differences
(Font)              up to 1.25pt have occurred.

Package rerunfilecheck Info: File `rsos-debias-r2.out' has not changed.
(rerunfilecheck)             Checksum: CA67F77FF0D613D00743ABDDB50C0CF8;3950.
 ) 
Here is how much of TeX's memory you used:
 12696 strings out of 474116
 193894 string characters out of 5743682
 1948187 words of memory out of 5000000
 34656 multiletter control sequences out of 15000+600000
 629727 words of font info for 171 fonts, out of 8000000 for 9000
 1151 hyphenation exceptions out of 8191
 90i,13n,93p,1554b,808s stack positions out of 10000i,1000n,20000p,200000b,200000s
</usr/local/texlive/2024/texmf-dist/fonts/type1/public/amsfonts/cmextra/cmex9
.pfb></usr/local/texlive/2024/texmf-dist/fonts/type1/public/amsfonts/cm/cmmi7.p
fb></usr/local/texlive/2024/texmf-dist/fonts/type1/public/amsfonts/cm/cmmi8.pfb
></usr/local/texlive/2024/texmf-dist/fonts/type1/public/amsfonts/cm/cmmi9.pfb><
/usr/local/texlive/2024/texmf-dist/fonts/type1/public/amsfonts/cm/cmr10.pfb></u
sr/local/texlive/2024/texmf-dist/fonts/type1/public/amsfonts/cm/cmr7.pfb></usr/
local/texlive/2024/texmf-dist/fonts/type1/public/amsfonts/cm/cmr8.pfb></usr/loc
al/texlive/2024/texmf-dist/fonts/type1/public/amsfonts/cm/cmr9.pfb></usr/local/
texlive/2024/texmf-dist/fonts/type1/public/amsfonts/cm/cmsy8.pfb></usr/local/te
xlive/2024/texmf-dist/fonts/type1/public/amsfonts/cm/cmsy9.pfb></usr/local/texl
ive/2024/texmf-dist/fonts/type1/urw/courier/ucrr8a.pfb></usr/local/texlive/2024
/texmf-dist/fonts/type1/urw/helvetic/uhvb8a.pfb></usr/local/texlive/2024/texmf-
dist/fonts/type1/urw/helvetic/uhvr8a.pfb></usr/local/texlive/2024/texmf-dist/fo
nts/type1/urw/palatino/uplb8a.pfb></usr/local/texlive/2024/texmf-dist/fonts/typ
e1/urw/palatino/uplr8a.pfb></usr/local/texlive/2024/texmf-dist/fonts/type1/urw/
palatino/uplri8a.pfb>
Output written on rsos-debias-r2.pdf (25 pages, 14969402 bytes).
PDF statistics:
 555 PDF objects out of 1000 (max. 8388607)
 474 compressed objects within 5 object streams
 127 named destinations out of 1000 (max. 500000)
 205 words of extra memory for PDF output out of 10000 (max. 10000000)

